I0125 14:43:27.927322    5344 load.go:31] Reloading schema and connectors...
I0125 14:43:27.947333    5344 control.go:100] [/emulator/react-learning 15b6] UpdateResources(): done
Main schema: sources: schema/schema.gql [1992B] 
Connector "example": sources: example/mutations.gql [1243B] example/queries.gql [1801B] 
I0125 14:43:27.964919    5344 codegen.go:80] [connector "example" javascriptSdk] Generating sources into "/Users/ryan/Desktop/Projects/React/React_learning/react-learning/src/dataconnect-generated"
I0125 14:43:27.971174    5344 collector.go:107] schema extensions wrote into "/Users/ryan/Desktop/Projects/React/React_learning/react-learning/dataconnect/.dataconnect/schema"
Generated sources: main/mutation.gql [13679B] main/implicit.gql [1261B] prelude.gql [73281B] main/input.gql [28173B] main/relation.gql [14318B] main/query.gql [5099B] 
I0125 14:43:27.972156    5344 collector.go:107] connector "example" javascriptSdk wrote into "/Users/ryan/Desktop/Projects/React/React_learning/react-learning/src/dataconnect-generated"
Generated sources: react/package.json [460B] esm/index.esm.js [3564B] esm/package.json [17B] index.cjs.js [4054B] package.json [863B] react/index.cjs.js [3439B] react/README.md [48299B] .guides/setup.md [1682B] .guides/config.json [236B] react/esm/package.json [17B] react/esm/index.esm.js [3269B] .guides/usage.md [3489B] index.d.ts [8025B] README.md [40931B] react/index.d.ts [3961B] 
I0125 14:43:27.972446    5344 installsdk.go:55] Package @dataconnect/generated is already installed. Skipping installation
I0125 14:43:27.972521    5344 load.go:109] Finished reloading
I0125 14:43:27.972770    5344 dev.go:104] Listening on address (HTTP + gRPC): 127.0.0.1:9399
I0125 14:43:27.972848    5344 dev.go:104] Listening on address (HTTP + gRPC): [::1]:9399
I0125 14:43:30.889147    5344 migrate.go:24] Running migration SQL:
Step 1: CREATE EXTENSION IF NOT EXISTS "uuid-ossp"
Step 2: CREATE TABLE "public"."movie" ("id" uuid NOT NULL DEFAULT uuid_generate_v4(), "genre" text NULL, "image_url" text NOT NULL, "title" text NOT NULL, PRIMARY KEY ("id"))
Step 3: CREATE TABLE "public"."user" ("id" text NOT NULL, "username" character varying(50) NOT NULL, PRIMARY KEY ("id"))
Step 4: CREATE TABLE "public"."Reviews" ("movie_id" uuid NOT NULL, "user_id" text NOT NULL, "rating" integer NULL, "review_date" date NOT NULL, "review_text" text NULL, PRIMARY KEY ("movie_id", "user_id"), CONSTRAINT "Reviews_movie_id_fkey" FOREIGN KEY ("movie_id") REFERENCES "public"."movie" ("id") ON DELETE CASCADE, CONSTRAINT "Reviews_user_id_fkey" FOREIGN KEY ("user_id") REFERENCES "public"."user" ("id") ON DELETE CASCADE)
Step 5: CREATE INDEX "Reviews_movieId_idx" ON "public"."Reviews" ("movie_id")
Step 6: CREATE INDEX "Reviews_userId_idx" ON "public"."Reviews" ("user_id")
Step 7: CREATE TABLE "public"."movie_metadata" ("id" uuid NOT NULL DEFAULT uuid_generate_v4(), "movie_id" uuid NOT NULL, "description" text NULL, "rating" double precision NULL, "release_year" integer NULL, PRIMARY KEY ("id"), CONSTRAINT "movie_metadata_movie_id_fkey" FOREIGN KEY ("movie_id") REFERENCES "public"."movie" ("id") ON DELETE CASCADE)
Step 8: CREATE INDEX "movie_metadata_movieId_idx" ON "public"."movie_metadata" ("movie_id")
Step 9: CREATE UNIQUE INDEX "movie_metadata_movieId_uidx" ON "public"."movie_metadata" ("movie_id")
I0125 14:43:30.943656    5344 control.go:100] [/emulator/react-learning de03] UpdateResources(): done
Main schema: sources: schema/schema.gql [1992B] 
Connector "example": sources: example/mutations.gql [1243B] example/queries.gql [1801B] 
