[debug] [2026-01-26T09:10:23.308Z] [Firebase Plugin] Activating Firebase extension.
[debug] [2026-01-26T09:10:31.737Z] [Firebase Plugin] requireAuthWrapper
[debug] [2026-01-26T09:10:31.737Z] > command requires scopes: ["email","openid","https://www.googleapis.com/auth/cloudplatformprojects.readonly","https://www.googleapis.com/auth/firebase","https://www.googleapis.com/auth/cloud-platform"]
[debug] [2026-01-26T09:10:31.737Z] > authorizing via signed-in user (straightwind0726@gmail.com)
[debug] [2026-01-26T09:10:31.739Z] Checked if tokens are valid: false, expires at: 1769321283179
[debug] [2026-01-26T09:10:31.739Z] Checked if tokens are valid: false, expires at: 1769321283179
[debug] [2026-01-26T09:10:31.739Z] > refreshing access token with scopes: []
[debug] [2026-01-26T09:10:31.740Z] >>> [apiv2][query] POST https://www.googleapis.com/oauth2/v3/token [none]
[debug] [2026-01-26T09:10:31.740Z] >>> [apiv2][body] POST https://www.googleapis.com/oauth2/v3/token [omitted]
[debug] [2026-01-26T09:10:31.919Z] [Firebase Plugin] VSCode notification server listening on port 40001
[info] [Firebase Plugin] Starting Data Connect toolkit (version 3.1.0) on port 50001
[debug] [2026-01-26T09:10:32.976Z] I0126 18:10:32.964563    1198 control.go:100] [/emulator/react-learning 9d66] UpdateResources(): done
Main schema: sources: schema/schema.gql [1992B] 
Connector "example": sources: example/queries.gql [1801B] example/mutations.gql [1243B] 
 {"metadata":{"emulator":{"name":"dataconnect"},"message":"I0126 18:10:32.964563    1198 control.go:100] [/emulator/react-learning 9d66] UpdateResources(): done\nMain schema: sources: schema/schema.gql [1992B] \nConnector \"example\": sources: example/queries.gql [1801B] example/mutations.gql [1243B] \n"}}
[debug] [2026-01-26T09:10:32.977Z] Ignoring unsupported arg: auto_download {"metadata":{"emulator":{"name":"dataconnect"},"message":"Ignoring unsupported arg: auto_download"}}
[debug] [2026-01-26T09:10:32.977Z] Ignoring unsupported arg: port {"metadata":{"emulator":{"name":"dataconnect"},"message":"Ignoring unsupported arg: port"}}
[debug] [2026-01-26T09:10:32.977Z] Starting Data Connect Emulator with command {"binary":"/Users/ryan/.cache/firebase/emulators/dataconnect-emulator-3.1.0","args":["--logtostderr","-v=2","dev","--listen=localhost:50001","--config_dir=/Users/ryan/Desktop/Projects/React/React_learning/react-learning/dataconnect","--enable_output_schema_extensions=true","--enable_output_generated_sdk=true"],"optionalArgs":["listen","config_dir","enable_output_schema_extensions","enable_output_generated_sdk"],"joinArgs":true,"shell":false,"port":9399} {"metadata":{"emulator":{"name":"dataconnect"},"message":"Starting Data Connect Emulator with command {\"binary\":\"/Users/ryan/.cache/firebase/emulators/dataconnect-emulator-3.1.0\",\"args\":[\"--logtostderr\",\"-v=2\",\"dev\",\"--listen=localhost:50001\",\"--config_dir=/Users/ryan/Desktop/Projects/React/React_learning/react-learning/dataconnect\",\"--enable_output_schema_extensions=true\",\"--enable_output_generated_sdk=true\"],\"optionalArgs\":[\"listen\",\"config_dir\",\"enable_output_schema_extensions\",\"enable_output_generated_sdk\"],\"joinArgs\":true,\"shell\":false,\"port\":9399}"}}
[info] i  dataconnect: Data Connect Emulator logging to dataconnect-debug.log {"metadata":{"emulator":{"name":"dataconnect"},"message":"Data Connect Emulator logging to dataconnect-debug.log"}}
[debug] [2026-01-26T09:10:33.023Z] I0126 18:10:32.996477    1201 load.go:31] Reloading schema and connectors...
 {"metadata":{"emulator":{"name":"dataconnect"},"message":"I0126 18:10:32.996477    1201 load.go:31] Reloading schema and connectors...\n"}}
[debug] [2026-01-26T09:10:33.034Z] I0126 18:10:33.029693    1201 control.go:100] [/emulator/react-learning 0799] UpdateResources(): done
Main schema: sources: schema/schema.gql [1992B] 
Connector "example": sources: example/mutations.gql [1243B] example/queries.gql [1801B] 
 {"metadata":{"emulator":{"name":"dataconnect"},"message":"I0126 18:10:33.029693    1201 control.go:100] [/emulator/react-learning 0799] UpdateResources(): done\nMain schema: sources: schema/schema.gql [1992B] \nConnector \"example\": sources: example/mutations.gql [1243B] example/queries.gql [1801B] \n"}}
[debug] [2026-01-26T09:10:33.164Z] I0126 18:10:33.128617    1201 codegen.go:80] [connector "example" javascriptSdk] Generating sources into "/Users/ryan/Desktop/Projects/React/React_learning/react-learning/src/dataconnect-generated"
I0126 18:10:33.156168    1201 collector.go:107] schema extensions wrote into "/Users/ryan/Desktop/Projects/React/React_learning/react-learning/dataconnect/.dataconnect/schema"
Generated sources: main/input.gql [28173B] prelude.gql [73281B] main/relation.gql [14318B] main/query.gql [5099B] main/mutation.gql [13679B] main/implicit.gql [1261B] 
I0126 18:10:33.159182    1201 collector.go:107] connector "example" javascriptSdk wrote into "/Users/ryan/Desktop/Projects/React/React_learning/react-learning/src/dataconnect-generated"
Generated sources: react/esm/index.esm.js [3269B] esm/package.json [17B] index.cjs.js [4054B] react/index.cjs.js [3439B] react/README.md [48299B] .guides/usage.md [3489B] index.d.ts [8025B] esm/index.esm.js [3564B] react/index.d.ts [3961B] react/package.json [460B] react/esm/package.json [17B] .guides/config.json [236B] package.json [863B] README.md [40931B] .guides/setup.md [1682B] 
I0126 18:10:33.160764    1201 installsdk.go:55] Package @dataconnect/generated is already installed. Skipping installation
I0126 18:10:33.160787    1201 load.go:109] Finished reloading
 {"metadata":{"emulator":{"name":"dataconnect"},"message":"I0126 18:10:33.128617    1201 codegen.go:80] [connector \"example\" javascriptSdk] Generating sources into \"/Users/ryan/Desktop/Projects/React/React_learning/react-learning/src/dataconnect-generated\"\nI0126 18:10:33.156168    1201 collector.go:107] schema extensions wrote into \"/Users/ryan/Desktop/Projects/React/React_learning/react-learning/dataconnect/.dataconnect/schema\"\nGenerated sources: main/input.gql [28173B] prelude.gql [73281B] main/relation.gql [14318B] main/query.gql [5099B] main/mutation.gql [13679B] main/implicit.gql [1261B] \nI0126 18:10:33.159182    1201 collector.go:107] connector \"example\" javascriptSdk wrote into \"/Users/ryan/Desktop/Projects/React/React_learning/react-learning/src/dataconnect-generated\"\nGenerated sources: react/esm/index.esm.js [3269B] esm/package.json [17B] index.cjs.js [4054B] react/index.cjs.js [3439B] react/README.md [48299B] .guides/usage.md [3489B] index.d.ts [8025B] esm/index.esm.js [3564B] react/index.d.ts [3961B] react/package.json [460B] react/esm/package.json [17B] .guides/config.json [236B] package.json [863B] README.md [40931B] .guides/setup.md [1682B] \nI0126 18:10:33.160764    1201 installsdk.go:55] Package @dataconnect/generated is already installed. Skipping installation\nI0126 18:10:33.160787    1201 load.go:109] Finished reloading\n"}}
[debug] [2026-01-26T09:10:33.182Z] I0126 18:10:33.166779    1201 dev.go:104] Listening on address (HTTP + gRPC): 127.0.0.1:50001
 {"metadata":{"emulator":{"name":"dataconnect"},"message":"I0126 18:10:33.166779    1201 dev.go:104] Listening on address (HTTP + gRPC): 127.0.0.1:50001\n"}}
[debug] [2026-01-26T09:10:33.209Z] <<< [apiv2][status] POST https://www.googleapis.com/oauth2/v3/token 200
[debug] [2026-01-26T09:10:33.209Z] <<< [apiv2][body] POST https://www.googleapis.com/oauth2/v3/token [omitted]
[debug] [2026-01-26T09:10:33.220Z] [Firebase Plugin] User found:  straightwind0726@gmail.com
[info] [Firebase Plugin] (Core:Project) New user detected, fetching projects
[debug] [2026-01-26T09:10:33.220Z] Checked if tokens are valid: true, expires at: 1769422232209
[debug] [2026-01-26T09:10:33.223Z] >>> [apiv2][query] GET https://firebase.googleapis.com/v1beta1/projects pageSize=1000
[debug] [2026-01-26T09:10:33.356Z] I0126 18:10:33.355984    1201 engine.go:156] [/emulator/react-learning 0799] ExecuteGraphqlRead IntrospectionQuery: succeeded. 
 {"metadata":{"emulator":{"name":"dataconnect"},"message":"I0126 18:10:33.355984    1201 engine.go:156] [/emulator/react-learning 0799] ExecuteGraphqlRead IntrospectionQuery: succeeded. \n"}}
[debug] [2026-01-26T09:10:33.838Z] <<< [apiv2][status] GET https://firebase.googleapis.com/v1beta1/projects 200
[debug] [2026-01-26T09:10:33.838Z] <<< [apiv2][body] GET https://firebase.googleapis.com/v1beta1/projects [omitted]
